{"C:\\Software\\School\\WI21\\CSE110\\cse110-w21-group9\\source\\index.js": {"path":"C:\\Software\\School\\WI21\\CSE110\\cse110-w21-group9\\source\\index.js","statementMap":{"0":{"start":{"line":2,"column":29},"end":{"line":2,"column":38}},"1":{"start":{"line":3,"column":28},"end":{"line":3,"column":36}},"2":{"start":{"line":4,"column":22},"end":{"line":4,"column":31}},"3":{"start":{"line":5,"column":27},"end":{"line":5,"column":30}},"4":{"start":{"line":7,"column":25},"end":{"line":7,"column":26}},"5":{"start":{"line":10,"column":17},"end":{"line":10,"column":18}},"6":{"start":{"line":14,"column":22},"end":{"line":14,"column":23}},"7":{"start":{"line":16,"column":23},"end":{"line":21,"column":1}},"8":{"start":{"line":34,"column":15},"end":{"line":34,"column":17}},"9":{"start":{"line":35,"column":20},"end":{"line":35,"column":22}},"10":{"start":{"line":41,"column":13},"end":{"line":48,"column":3}},"11":{"start":{"line":49,"column":2},"end":{"line":49,"column":22}},"12":{"start":{"line":50,"column":2},"end":{"line":50,"column":17}},"13":{"start":{"line":57,"column":2},"end":{"line":57,"column":34}},"14":{"start":{"line":61,"column":2},"end":{"line":61,"column":39}},"15":{"start":{"line":65,"column":2},"end":{"line":65,"column":46}},"16":{"start":{"line":69,"column":2},"end":{"line":69,"column":18}},"17":{"start":{"line":73,"column":2},"end":{"line":73,"column":26}},"18":{"start":{"line":77,"column":2},"end":{"line":77,"column":23}},"19":{"start":{"line":81,"column":2},"end":{"line":81,"column":25}},"20":{"start":{"line":89,"column":2},"end":{"line":89,"column":48}},"21":{"start":{"line":90,"column":2},"end":{"line":90,"column":19}},"22":{"start":{"line":91,"column":2},"end":{"line":91,"column":33}},"23":{"start":{"line":92,"column":2},"end":{"line":92,"column":22}},"24":{"start":{"line":93,"column":16},"end":{"line":93,"column":55}},"25":{"start":{"line":94,"column":2},"end":{"line":97,"column":3}},"26":{"start":{"line":94,"column":15},"end":{"line":94,"column":16}},"27":{"start":{"line":95,"column":17},"end":{"line":95,"column":27}},"28":{"start":{"line":96,"column":4},"end":{"line":96,"column":28}},"29":{"start":{"line":98,"column":2},"end":{"line":98,"column":16}},"30":{"start":{"line":102,"column":2},"end":{"line":102,"column":65}},"31":{"start":{"line":106,"column":2},"end":{"line":106,"column":65}},"32":{"start":{"line":114,"column":2},"end":{"line":114,"column":32}},"33":{"start":{"line":115,"column":17},"end":{"line":115,"column":53}},"34":{"start":{"line":116,"column":18},"end":{"line":116,"column":55}},"35":{"start":{"line":117,"column":2},"end":{"line":117,"column":30}},"36":{"start":{"line":118,"column":2},"end":{"line":118,"column":35}},"37":{"start":{"line":119,"column":14},"end":{"line":119,"column":61}},"38":{"start":{"line":120,"column":2},"end":{"line":120,"column":16}},"39":{"start":{"line":121,"column":2},"end":{"line":121,"column":16}},"40":{"start":{"line":122,"column":2},"end":{"line":129,"column":3}},"41":{"start":{"line":123,"column":4},"end":{"line":123,"column":24}},"42":{"start":{"line":125,"column":4},"end":{"line":125,"column":50}},"43":{"start":{"line":126,"column":4},"end":{"line":126,"column":21}},"44":{"start":{"line":127,"column":4},"end":{"line":128,"column":32}},"45":{"start":{"line":127,"column":46},"end":{"line":127,"column":68}},"46":{"start":{"line":128,"column":9},"end":{"line":128,"column":32}},"47":{"start":{"line":137,"column":14},"end":{"line":137,"column":61}},"48":{"start":{"line":138,"column":2},"end":{"line":138,"column":22}},"49":{"start":{"line":139,"column":2},"end":{"line":139,"column":42}},"50":{"start":{"line":140,"column":2},"end":{"line":140,"column":22}},"51":{"start":{"line":142,"column":2},"end":{"line":142,"column":16}},"52":{"start":{"line":143,"column":2},"end":{"line":146,"column":3}},"53":{"start":{"line":144,"column":4},"end":{"line":144,"column":70}},"54":{"start":{"line":145,"column":4},"end":{"line":145,"column":16}},"55":{"start":{"line":147,"column":2},"end":{"line":147,"column":16}},"56":{"start":{"line":154,"column":2},"end":{"line":154,"column":20}},"57":{"start":{"line":155,"column":2},"end":{"line":155,"column":34}},"58":{"start":{"line":156,"column":2},"end":{"line":156,"column":51}},"59":{"start":{"line":164,"column":2},"end":{"line":164,"column":20}},"60":{"start":{"line":165,"column":2},"end":{"line":172,"column":3}},"61":{"start":{"line":166,"column":4},"end":{"line":166,"column":26}},"62":{"start":{"line":167,"column":4},"end":{"line":167,"column":17}},"63":{"start":{"line":169,"column":16},"end":{"line":169,"column":41}},"64":{"start":{"line":170,"column":4},"end":{"line":170,"column":39}},"65":{"start":{"line":171,"column":4},"end":{"line":171,"column":53}},"66":{"start":{"line":180,"column":2},"end":{"line":184,"column":4}},"67":{"start":{"line":192,"column":2},"end":{"line":192,"column":20}},"68":{"start":{"line":193,"column":2},"end":{"line":200,"column":3}},"69":{"start":{"line":194,"column":4},"end":{"line":194,"column":27}},"70":{"start":{"line":195,"column":4},"end":{"line":195,"column":18}},"71":{"start":{"line":197,"column":16},"end":{"line":197,"column":41}},"72":{"start":{"line":198,"column":4},"end":{"line":198,"column":40}},"73":{"start":{"line":199,"column":4},"end":{"line":199,"column":54}},"74":{"start":{"line":207,"column":2},"end":{"line":207,"column":20}},"75":{"start":{"line":208,"column":2},"end":{"line":208,"column":41}},"76":{"start":{"line":209,"column":2},"end":{"line":209,"column":52}},"77":{"start":{"line":210,"column":2},"end":{"line":210,"column":20}},"78":{"start":{"line":211,"column":16},"end":{"line":211,"column":55}},"79":{"start":{"line":212,"column":2},"end":{"line":215,"column":3}},"80":{"start":{"line":212,"column":15},"end":{"line":212,"column":16}},"81":{"start":{"line":213,"column":17},"end":{"line":213,"column":27}},"82":{"start":{"line":214,"column":4},"end":{"line":214,"column":48}},"83":{"start":{"line":222,"column":2},"end":{"line":222,"column":20}},"84":{"start":{"line":223,"column":2},"end":{"line":223,"column":40}},"85":{"start":{"line":224,"column":2},"end":{"line":224,"column":52}},"86":{"start":{"line":225,"column":2},"end":{"line":225,"column":20}},"87":{"start":{"line":229,"column":2},"end":{"line":229,"column":58}},"88":{"start":{"line":233,"column":2},"end":{"line":233,"column":57}},"89":{"start":{"line":241,"column":2},"end":{"line":241,"column":25}},"90":{"start":{"line":248,"column":2},"end":{"line":248,"column":23}},"91":{"start":{"line":255,"column":2},"end":{"line":255,"column":59}},"92":{"start":{"line":256,"column":2},"end":{"line":256,"column":21}},"93":{"start":{"line":257,"column":2},"end":{"line":257,"column":16}},"94":{"start":{"line":264,"column":17},"end":{"line":264,"column":53}},"95":{"start":{"line":265,"column":18},"end":{"line":265,"column":55}},"96":{"start":{"line":266,"column":2},"end":{"line":266,"column":34}},"97":{"start":{"line":267,"column":2},"end":{"line":267,"column":31}},"98":{"start":{"line":268,"column":2},"end":{"line":268,"column":18}},"99":{"start":{"line":269,"column":2},"end":{"line":269,"column":25}},"100":{"start":{"line":270,"column":13},"end":{"line":270,"column":44}},"101":{"start":{"line":271,"column":2},"end":{"line":271,"column":48}},"102":{"start":{"line":272,"column":2},"end":{"line":272,"column":19}},"103":{"start":{"line":273,"column":2},"end":{"line":273,"column":66}},"104":{"start":{"line":274,"column":2},"end":{"line":274,"column":36}},"105":{"start":{"line":275,"column":2},"end":{"line":275,"column":61}},"106":{"start":{"line":287,"column":14},"end":{"line":287,"column":46}},"107":{"start":{"line":288,"column":2},"end":{"line":289,"column":172}},"108":{"start":{"line":291,"column":13},"end":{"line":291,"column":15}},"109":{"start":{"line":292,"column":16},"end":{"line":292,"column":18}},"110":{"start":{"line":293,"column":19},"end":{"line":293,"column":21}},"111":{"start":{"line":294,"column":2},"end":{"line":301,"column":3}},"112":{"start":{"line":294,"column":15},"end":{"line":294,"column":16}},"113":{"start":{"line":295,"column":4},"end":{"line":300,"column":29}},"114":{"start":{"line":296,"column":6},"end":{"line":296,"column":35}},"115":{"start":{"line":297,"column":9},"end":{"line":300,"column":29}},"116":{"start":{"line":298,"column":6},"end":{"line":298,"column":32}},"117":{"start":{"line":299,"column":9},"end":{"line":300,"column":29}},"118":{"start":{"line":300,"column":6},"end":{"line":300,"column":29}},"119":{"start":{"line":303,"column":2},"end":{"line":303,"column":51}},"120":{"start":{"line":304,"column":2},"end":{"line":409,"column":3}},"121":{"start":{"line":304,"column":15},"end":{"line":304,"column":16}},"122":{"start":{"line":306,"column":14},"end":{"line":306,"column":42}},"123":{"start":{"line":309,"column":20},"end":{"line":309,"column":48}},"124":{"start":{"line":310,"column":15},"end":{"line":310,"column":43}},"125":{"start":{"line":311,"column":19},"end":{"line":311,"column":47}},"126":{"start":{"line":312,"column":17},"end":{"line":312,"column":45}},"127":{"start":{"line":313,"column":19},"end":{"line":313,"column":47}},"128":{"start":{"line":314,"column":24},"end":{"line":314,"column":52}},"129":{"start":{"line":315,"column":16},"end":{"line":315,"column":44}},"130":{"start":{"line":316,"column":14},"end":{"line":316,"column":42}},"131":{"start":{"line":319,"column":18},"end":{"line":319,"column":50}},"132":{"start":{"line":320,"column":4},"end":{"line":320,"column":33}},"133":{"start":{"line":321,"column":4},"end":{"line":321,"column":37}},"134":{"start":{"line":322,"column":4},"end":{"line":325,"column":7}},"135":{"start":{"line":323,"column":6},"end":{"line":323,"column":55}},"136":{"start":{"line":324,"column":6},"end":{"line":324,"column":20}},"137":{"start":{"line":326,"column":4},"end":{"line":331,"column":5}},"138":{"start":{"line":330,"column":6},"end":{"line":330,"column":51}},"139":{"start":{"line":333,"column":19},"end":{"line":333,"column":46}},"140":{"start":{"line":334,"column":4},"end":{"line":334,"column":44}},"141":{"start":{"line":336,"column":18},"end":{"line":336,"column":45}},"142":{"start":{"line":337,"column":4},"end":{"line":337,"column":49}},"143":{"start":{"line":339,"column":21},"end":{"line":339,"column":48}},"144":{"start":{"line":340,"column":4},"end":{"line":340,"column":49}},"145":{"start":{"line":342,"column":23},"end":{"line":342,"column":50}},"146":{"start":{"line":343,"column":4},"end":{"line":343,"column":52}},"147":{"start":{"line":345,"column":22},"end":{"line":345,"column":49}},"148":{"start":{"line":346,"column":4},"end":{"line":358,"column":5}},"149":{"start":{"line":348,"column":8},"end":{"line":348,"column":46}},"150":{"start":{"line":349,"column":8},"end":{"line":349,"column":53}},"151":{"start":{"line":350,"column":8},"end":{"line":350,"column":14}},"152":{"start":{"line":352,"column":8},"end":{"line":352,"column":46}},"153":{"start":{"line":353,"column":8},"end":{"line":353,"column":53}},"154":{"start":{"line":354,"column":8},"end":{"line":354,"column":14}},"155":{"start":{"line":356,"column":8},"end":{"line":356,"column":43}},"156":{"start":{"line":357,"column":8},"end":{"line":357,"column":50}},"157":{"start":{"line":360,"column":16},"end":{"line":360,"column":28}},"158":{"start":{"line":362,"column":20},"end":{"line":362,"column":52}},"159":{"start":{"line":363,"column":4},"end":{"line":363,"column":38}},"160":{"start":{"line":364,"column":4},"end":{"line":364,"column":40}},"161":{"start":{"line":365,"column":4},"end":{"line":365,"column":34}},"162":{"start":{"line":366,"column":4},"end":{"line":366,"column":66}},"163":{"start":{"line":367,"column":4},"end":{"line":373,"column":5}},"164":{"start":{"line":372,"column":6},"end":{"line":372,"column":53}},"165":{"start":{"line":375,"column":18},"end":{"line":375,"column":50}},"166":{"start":{"line":376,"column":4},"end":{"line":376,"column":37}},"167":{"start":{"line":377,"column":4},"end":{"line":377,"column":39}},"168":{"start":{"line":378,"column":4},"end":{"line":378,"column":33}},"169":{"start":{"line":379,"column":4},"end":{"line":379,"column":65}},"170":{"start":{"line":380,"column":4},"end":{"line":386,"column":5}},"171":{"start":{"line":385,"column":6},"end":{"line":385,"column":51}},"172":{"start":{"line":389,"column":4},"end":{"line":389,"column":35}},"173":{"start":{"line":390,"column":4},"end":{"line":390,"column":31}},"174":{"start":{"line":391,"column":4},"end":{"line":391,"column":34}},"175":{"start":{"line":392,"column":4},"end":{"line":392,"column":35}},"176":{"start":{"line":393,"column":4},"end":{"line":393,"column":39}},"177":{"start":{"line":394,"column":4},"end":{"line":394,"column":43}},"178":{"start":{"line":395,"column":4},"end":{"line":395,"column":33}},"179":{"start":{"line":396,"column":4},"end":{"line":396,"column":29}},"180":{"start":{"line":399,"column":4},"end":{"line":399,"column":31}},"181":{"start":{"line":400,"column":4},"end":{"line":400,"column":26}},"182":{"start":{"line":401,"column":4},"end":{"line":401,"column":30}},"183":{"start":{"line":402,"column":4},"end":{"line":402,"column":28}},"184":{"start":{"line":403,"column":4},"end":{"line":403,"column":30}},"185":{"start":{"line":404,"column":4},"end":{"line":404,"column":35}},"186":{"start":{"line":405,"column":4},"end":{"line":405,"column":27}},"187":{"start":{"line":406,"column":4},"end":{"line":406,"column":25}},"188":{"start":{"line":408,"column":4},"end":{"line":408,"column":27}},"189":{"start":{"line":420,"column":22},"end":{"line":420,"column":57}},"190":{"start":{"line":421,"column":18},"end":{"line":421,"column":61}},"191":{"start":{"line":424,"column":14},"end":{"line":424,"column":66}},"192":{"start":{"line":425,"column":2},"end":{"line":425,"column":16}},"193":{"start":{"line":426,"column":2},"end":{"line":426,"column":23}},"194":{"start":{"line":427,"column":2},"end":{"line":427,"column":27}},"195":{"start":{"line":428,"column":2},"end":{"line":428,"column":15}},"196":{"start":{"line":432,"column":14},"end":{"line":432,"column":61}},"197":{"start":{"line":433,"column":2},"end":{"line":433,"column":20}},"198":{"start":{"line":437,"column":14},"end":{"line":437,"column":61}},"199":{"start":{"line":438,"column":2},"end":{"line":438,"column":16}},"200":{"start":{"line":441,"column":0},"end":{"line":448,"column":2}},"201":{"start":{"line":442,"column":2},"end":{"line":442,"column":16}},"202":{"start":{"line":443,"column":2},"end":{"line":447,"column":7}},"203":{"start":{"line":446,"column":6},"end":{"line":446,"column":29}},"204":{"start":{"line":450,"column":0},"end":{"line":484,"column":1}},"205":{"start":{"line":452,"column":2},"end":{"line":481,"column":4}}},"fnMap":{"0":{"name":"createPomodoro","decl":{"start":{"line":40,"column":9},"end":{"line":40,"column":23}},"loc":{"start":{"line":40,"column":50},"end":{"line":51,"column":1}},"line":40},"1":{"name":"logDistraction","decl":{"start":{"line":56,"column":9},"end":{"line":56,"column":23}},"loc":{"start":{"line":56,"column":32},"end":{"line":58,"column":1}},"line":56},"2":{"name":"setName","decl":{"start":{"line":60,"column":9},"end":{"line":60,"column":16}},"loc":{"start":{"line":60,"column":35},"end":{"line":62,"column":1}},"line":60},"3":{"name":"setStatus","decl":{"start":{"line":64,"column":9},"end":{"line":64,"column":18}},"loc":{"start":{"line":64,"column":39},"end":{"line":66,"column":1}},"line":64},"4":{"name":"getPomo","decl":{"start":{"line":68,"column":9},"end":{"line":68,"column":16}},"loc":{"start":{"line":68,"column":19},"end":{"line":70,"column":1}},"line":68},"5":{"name":"getPomoById","decl":{"start":{"line":72,"column":9},"end":{"line":72,"column":20}},"loc":{"start":{"line":72,"column":29},"end":{"line":74,"column":1}},"line":72},"6":{"name":"getCurrentPomoId","decl":{"start":{"line":76,"column":9},"end":{"line":76,"column":25}},"loc":{"start":{"line":76,"column":28},"end":{"line":78,"column":1}},"line":76},"7":{"name":"setPomo","decl":{"start":{"line":80,"column":9},"end":{"line":80,"column":16}},"loc":{"start":{"line":80,"column":25},"end":{"line":82,"column":1}},"line":80},"8":{"name":"finishBreak","decl":{"start":{"line":88,"column":9},"end":{"line":88,"column":20}},"loc":{"start":{"line":88,"column":23},"end":{"line":99,"column":1}},"line":88},"9":{"name":"showBreakTimer","decl":{"start":{"line":101,"column":9},"end":{"line":101,"column":23}},"loc":{"start":{"line":101,"column":26},"end":{"line":103,"column":1}},"line":101},"10":{"name":"hideBreakTimer","decl":{"start":{"line":105,"column":9},"end":{"line":105,"column":23}},"loc":{"start":{"line":105,"column":26},"end":{"line":107,"column":1}},"line":105},"11":{"name":"finishPomo","decl":{"start":{"line":113,"column":9},"end":{"line":113,"column":19}},"loc":{"start":{"line":113,"column":22},"end":{"line":130,"column":1}},"line":113},"12":{"name":"cancelPomo","decl":{"start":{"line":136,"column":9},"end":{"line":136,"column":19}},"loc":{"start":{"line":136,"column":22},"end":{"line":148,"column":1}},"line":136},"13":{"name":"startPomoTimer","decl":{"start":{"line":153,"column":9},"end":{"line":153,"column":23}},"loc":{"start":{"line":153,"column":26},"end":{"line":157,"column":1}},"line":153},"14":{"name":"refreshPomoTimer","decl":{"start":{"line":163,"column":9},"end":{"line":163,"column":25}},"loc":{"start":{"line":163,"column":28},"end":{"line":173,"column":1}},"line":163},"15":{"name":"getTimeString","decl":{"start":{"line":179,"column":9},"end":{"line":179,"column":22}},"loc":{"start":{"line":179,"column":29},"end":{"line":185,"column":1}},"line":179},"16":{"name":"refreshBreakTimer","decl":{"start":{"line":191,"column":9},"end":{"line":191,"column":26}},"loc":{"start":{"line":191,"column":29},"end":{"line":201,"column":1}},"line":191},"17":{"name":"startShortBreakTimer","decl":{"start":{"line":206,"column":9},"end":{"line":206,"column":29}},"loc":{"start":{"line":206,"column":32},"end":{"line":216,"column":1}},"line":206},"18":{"name":"startLongBreakTimer","decl":{"start":{"line":221,"column":9},"end":{"line":221,"column":28}},"loc":{"start":{"line":221,"column":31},"end":{"line":226,"column":1}},"line":221},"19":{"name":"setBreakTimer","decl":{"start":{"line":228,"column":9},"end":{"line":228,"column":22}},"loc":{"start":{"line":228,"column":29},"end":{"line":230,"column":1}},"line":228},"20":{"name":"setPomoTimer","decl":{"start":{"line":232,"column":9},"end":{"line":232,"column":21}},"loc":{"start":{"line":232,"column":28},"end":{"line":234,"column":1}},"line":232},"21":{"name":"setCurrentPomo","decl":{"start":{"line":240,"column":9},"end":{"line":240,"column":23}},"loc":{"start":{"line":240,"column":32},"end":{"line":242,"column":1}},"line":240},"22":{"name":"getCurrentPomo","decl":{"start":{"line":247,"column":9},"end":{"line":247,"column":23}},"loc":{"start":{"line":247,"column":26},"end":{"line":249,"column":1}},"line":247},"23":{"name":"finishTask","decl":{"start":{"line":254,"column":9},"end":{"line":254,"column":19}},"loc":{"start":{"line":254,"column":28},"end":{"line":258,"column":1}},"line":254},"24":{"name":"startPomo","decl":{"start":{"line":263,"column":9},"end":{"line":263,"column":18}},"loc":{"start":{"line":263,"column":27},"end":{"line":276,"column":1}},"line":263},"25":{"name":"updatePomo","decl":{"start":{"line":281,"column":9},"end":{"line":281,"column":19}},"loc":{"start":{"line":281,"column":22},"end":{"line":281,"column":24}},"line":281},"26":{"name":"updateTable","decl":{"start":{"line":286,"column":9},"end":{"line":286,"column":20}},"loc":{"start":{"line":286,"column":47},"end":{"line":410,"column":1}},"line":286},"27":{"name":"(anonymous_27)","decl":{"start":{"line":322,"column":38},"end":{"line":322,"column":39}},"loc":{"start":{"line":322,"column":50},"end":{"line":325,"column":5}},"line":322},"28":{"name":"addTask","decl":{"start":{"line":416,"column":9},"end":{"line":416,"column":16}},"loc":{"start":{"line":416,"column":19},"end":{"line":429,"column":1}},"line":416},"29":{"name":"displayCancelDialog","decl":{"start":{"line":431,"column":9},"end":{"line":431,"column":28}},"loc":{"start":{"line":431,"column":31},"end":{"line":434,"column":1}},"line":431},"30":{"name":"closeCancelDialog","decl":{"start":{"line":436,"column":9},"end":{"line":436,"column":26}},"loc":{"start":{"line":436,"column":29},"end":{"line":439,"column":1}},"line":436},"31":{"name":"(anonymous_31)","decl":{"start":{"line":441,"column":16},"end":{"line":441,"column":17}},"loc":{"start":{"line":441,"column":28},"end":{"line":448,"column":1}},"line":441},"32":{"name":"(anonymous_32)","decl":{"start":{"line":445,"column":32},"end":{"line":445,"column":33}},"loc":{"start":{"line":445,"column":43},"end":{"line":447,"column":5}},"line":445}},"branchMap":{"0":{"loc":{"start":{"line":122,"column":2},"end":{"line":129,"column":3}},"type":"if","locations":[{"start":{"line":122,"column":2},"end":{"line":129,"column":3}},{"start":{"line":122,"column":2},"end":{"line":129,"column":3}}],"line":122},"1":{"loc":{"start":{"line":127,"column":4},"end":{"line":128,"column":32}},"type":"if","locations":[{"start":{"line":127,"column":4},"end":{"line":128,"column":32}},{"start":{"line":127,"column":4},"end":{"line":128,"column":32}}],"line":127},"2":{"loc":{"start":{"line":143,"column":2},"end":{"line":146,"column":3}},"type":"if","locations":[{"start":{"line":143,"column":2},"end":{"line":146,"column":3}},{"start":{"line":143,"column":2},"end":{"line":146,"column":3}}],"line":143},"3":{"loc":{"start":{"line":165,"column":2},"end":{"line":172,"column":3}},"type":"if","locations":[{"start":{"line":165,"column":2},"end":{"line":172,"column":3}},{"start":{"line":165,"column":2},"end":{"line":172,"column":3}}],"line":165},"4":{"loc":{"start":{"line":193,"column":2},"end":{"line":200,"column":3}},"type":"if","locations":[{"start":{"line":193,"column":2},"end":{"line":200,"column":3}},{"start":{"line":193,"column":2},"end":{"line":200,"column":3}}],"line":193},"5":{"loc":{"start":{"line":286,"column":21},"end":{"line":286,"column":45}},"type":"default-arg","locations":[{"start":{"line":286,"column":40},"end":{"line":286,"column":45}}],"line":286},"6":{"loc":{"start":{"line":295,"column":4},"end":{"line":300,"column":29}},"type":"if","locations":[{"start":{"line":295,"column":4},"end":{"line":300,"column":29}},{"start":{"line":295,"column":4},"end":{"line":300,"column":29}}],"line":295},"7":{"loc":{"start":{"line":297,"column":9},"end":{"line":300,"column":29}},"type":"if","locations":[{"start":{"line":297,"column":9},"end":{"line":300,"column":29}},{"start":{"line":297,"column":9},"end":{"line":300,"column":29}}],"line":297},"8":{"loc":{"start":{"line":299,"column":9},"end":{"line":300,"column":29}},"type":"if","locations":[{"start":{"line":299,"column":9},"end":{"line":300,"column":29}},{"start":{"line":299,"column":9},"end":{"line":300,"column":29}}],"line":299},"9":{"loc":{"start":{"line":326,"column":4},"end":{"line":331,"column":5}},"type":"if","locations":[{"start":{"line":326,"column":4},"end":{"line":331,"column":5}},{"start":{"line":326,"column":4},"end":{"line":331,"column":5}}],"line":326},"10":{"loc":{"start":{"line":327,"column":6},"end":{"line":328,"column":58}},"type":"binary-expr","locations":[{"start":{"line":327,"column":6},"end":{"line":327,"column":28}},{"start":{"line":328,"column":6},"end":{"line":328,"column":58}}],"line":327},"11":{"loc":{"start":{"line":346,"column":4},"end":{"line":358,"column":5}},"type":"switch","locations":[{"start":{"line":347,"column":6},"end":{"line":350,"column":14}},{"start":{"line":351,"column":6},"end":{"line":354,"column":14}},{"start":{"line":355,"column":6},"end":{"line":357,"column":50}}],"line":346},"12":{"loc":{"start":{"line":367,"column":4},"end":{"line":373,"column":5}},"type":"if","locations":[{"start":{"line":367,"column":4},"end":{"line":373,"column":5}},{"start":{"line":367,"column":4},"end":{"line":373,"column":5}}],"line":367},"13":{"loc":{"start":{"line":368,"column":6},"end":{"line":370,"column":56}},"type":"binary-expr","locations":[{"start":{"line":368,"column":7},"end":{"line":368,"column":25}},{"start":{"line":368,"column":29},"end":{"line":368,"column":51}},{"start":{"line":369,"column":6},"end":{"line":369,"column":22}},{"start":{"line":370,"column":6},"end":{"line":370,"column":56}}],"line":368},"14":{"loc":{"start":{"line":380,"column":4},"end":{"line":386,"column":5}},"type":"if","locations":[{"start":{"line":380,"column":4},"end":{"line":386,"column":5}},{"start":{"line":380,"column":4},"end":{"line":386,"column":5}}],"line":380},"15":{"loc":{"start":{"line":381,"column":6},"end":{"line":383,"column":58}},"type":"binary-expr","locations":[{"start":{"line":381,"column":7},"end":{"line":381,"column":25}},{"start":{"line":381,"column":29},"end":{"line":381,"column":51}},{"start":{"line":382,"column":6},"end":{"line":382,"column":56}},{"start":{"line":383,"column":6},"end":{"line":383,"column":58}}],"line":381}},"s":{"0":1,"1":1,"2":1,"3":1,"4":1,"5":1,"6":1,"7":1,"8":1,"9":1,"10":2,"11":2,"12":2,"13":1,"14":1,"15":1,"16":1,"17":1,"18":2,"19":1,"20":1,"21":1,"22":1,"23":1,"24":1,"25":1,"26":1,"27":5,"28":5,"29":1,"30":0,"31":1,"32":0,"33":0,"34":0,"35":0,"36":0,"37":0,"38":0,"39":0,"40":0,"41":0,"42":0,"43":0,"44":0,"45":0,"46":0,"47":0,"48":0,"49":0,"50":0,"51":0,"52":0,"53":0,"54":0,"55":0,"56":0,"57":0,"58":0,"59":0,"60":0,"61":0,"62":0,"63":0,"64":0,"65":0,"66":1,"67":0,"68":0,"69":0,"70":0,"71":0,"72":0,"73":0,"74":0,"75":0,"76":0,"77":0,"78":0,"79":0,"80":0,"81":0,"82":0,"83":0,"84":0,"85":0,"86":0,"87":1,"88":1,"89":1,"90":0,"91":0,"92":0,"93":0,"94":0,"95":0,"96":0,"97":0,"98":0,"99":0,"100":0,"101":0,"102":0,"103":0,"104":0,"105":0,"106":1,"107":1,"108":1,"109":1,"110":1,"111":1,"112":1,"113":2,"114":0,"115":2,"116":1,"117":1,"118":1,"119":1,"120":1,"121":1,"122":2,"123":2,"124":2,"125":2,"126":2,"127":2,"128":2,"129":2,"130":2,"131":2,"132":2,"133":2,"134":2,"135":0,"136":0,"137":2,"138":0,"139":2,"140":2,"141":2,"142":2,"143":2,"144":2,"145":2,"146":2,"147":2,"148":2,"149":1,"150":1,"151":1,"152":0,"153":0,"154":0,"155":1,"156":1,"157":2,"158":2,"159":2,"160":2,"161":2,"162":2,"163":2,"164":1,"165":2,"166":2,"167":2,"168":2,"169":2,"170":2,"171":2,"172":2,"173":2,"174":2,"175":2,"176":2,"177":2,"178":2,"179":2,"180":2,"181":2,"182":2,"183":2,"184":2,"185":2,"186":2,"187":2,"188":2,"189":0,"190":0,"191":0,"192":0,"193":0,"194":0,"195":0,"196":0,"197":0,"198":0,"199":0,"200":1,"201":0,"202":0,"203":0,"204":1,"205":1},"f":{"0":2,"1":1,"2":1,"3":1,"4":1,"5":1,"6":2,"7":1,"8":1,"9":0,"10":1,"11":0,"12":0,"13":0,"14":0,"15":1,"16":0,"17":0,"18":0,"19":1,"20":1,"21":1,"22":0,"23":0,"24":0,"25":0,"26":1,"27":0,"28":0,"29":0,"30":0,"31":0,"32":0},"b":{"0":[0,0],"1":[0,0],"2":[0,0],"3":[0,0],"4":[0,0],"5":[1],"6":[0,2],"7":[1,1],"8":[1,0],"9":[0,2],"10":[2,2],"11":[1,0,1],"12":[1,1],"13":[2,0,2,2],"14":[2,0],"15":[2,0,2,1]},"_coverageSchema":"1a1c01bbd47fc00a2c39e90264f33305004495a9","hash":"44f3520b56b39727680acbcb5330fa6befb4321a"}
}
