TN:
SF:index.js
FN:40,createPomodoro
FN:56,logDistraction
FN:60,setName
FN:64,setStatus
FN:68,getPomo
FN:72,getPomoById
FN:76,getCurrentPomoId
FN:80,setPomo
FN:88,finishBreak
FN:101,showBreakTimer
FN:105,hideBreakTimer
FN:113,finishPomo
FN:136,cancelPomo
FN:153,startPomoTimer
FN:163,refreshPomoTimer
FN:179,getTimeString
FN:191,refreshBreakTimer
FN:206,startShortBreakTimer
FN:221,startLongBreakTimer
FN:228,setBreakTimer
FN:232,setPomoTimer
FN:240,setCurrentPomo
FN:247,getCurrentPomo
FN:254,finishTask
FN:263,startPomo
FN:281,updatePomo
FN:286,updateTable
FN:322,(anonymous_27)
FN:416,addTask
FN:431,displayCancelDialog
FN:436,closeCancelDialog
FN:441,(anonymous_31)
FN:445,(anonymous_32)
FNF:33
FNH:15
FNDA:2,createPomodoro
FNDA:1,logDistraction
FNDA:1,setName
FNDA:1,setStatus
FNDA:1,getPomo
FNDA:1,getPomoById
FNDA:2,getCurrentPomoId
FNDA:1,setPomo
FNDA:1,finishBreak
FNDA:0,showBreakTimer
FNDA:1,hideBreakTimer
FNDA:0,finishPomo
FNDA:0,cancelPomo
FNDA:0,startPomoTimer
FNDA:0,refreshPomoTimer
FNDA:1,getTimeString
FNDA:0,refreshBreakTimer
FNDA:0,startShortBreakTimer
FNDA:0,startLongBreakTimer
FNDA:1,setBreakTimer
FNDA:1,setPomoTimer
FNDA:1,setCurrentPomo
FNDA:0,getCurrentPomo
FNDA:0,finishTask
FNDA:0,startPomo
FNDA:0,updatePomo
FNDA:1,updateTable
FNDA:0,(anonymous_27)
FNDA:0,addTask
FNDA:0,displayCancelDialog
FNDA:0,closeCancelDialog
FNDA:0,(anonymous_31)
FNDA:0,(anonymous_32)
DA:2,1
DA:3,1
DA:4,1
DA:5,1
DA:7,1
DA:10,1
DA:14,1
DA:16,1
DA:34,1
DA:35,1
DA:41,2
DA:49,2
DA:50,2
DA:57,1
DA:61,1
DA:65,1
DA:69,1
DA:73,1
DA:77,2
DA:81,1
DA:89,1
DA:90,1
DA:91,1
DA:92,1
DA:93,1
DA:94,1
DA:95,5
DA:96,5
DA:98,1
DA:102,0
DA:106,1
DA:114,0
DA:115,0
DA:116,0
DA:117,0
DA:118,0
DA:119,0
DA:120,0
DA:121,0
DA:122,0
DA:123,0
DA:125,0
DA:126,0
DA:127,0
DA:128,0
DA:137,0
DA:138,0
DA:139,0
DA:140,0
DA:142,0
DA:143,0
DA:144,0
DA:145,0
DA:147,0
DA:154,0
DA:155,0
DA:156,0
DA:164,0
DA:165,0
DA:166,0
DA:167,0
DA:169,0
DA:170,0
DA:171,0
DA:180,1
DA:192,0
DA:193,0
DA:194,0
DA:195,0
DA:197,0
DA:198,0
DA:199,0
DA:207,0
DA:208,0
DA:209,0
DA:210,0
DA:211,0
DA:212,0
DA:213,0
DA:214,0
DA:222,0
DA:223,0
DA:224,0
DA:225,0
DA:229,1
DA:233,1
DA:241,1
DA:248,0
DA:255,0
DA:256,0
DA:257,0
DA:264,0
DA:265,0
DA:266,0
DA:267,0
DA:268,0
DA:269,0
DA:270,0
DA:271,0
DA:272,0
DA:273,0
DA:274,0
DA:275,0
DA:287,1
DA:288,1
DA:291,1
DA:292,1
DA:293,1
DA:294,1
DA:295,2
DA:296,0
DA:297,2
DA:298,1
DA:299,1
DA:300,1
DA:303,1
DA:304,1
DA:306,2
DA:309,2
DA:310,2
DA:311,2
DA:312,2
DA:313,2
DA:314,2
DA:315,2
DA:316,2
DA:319,2
DA:320,2
DA:321,2
DA:322,2
DA:323,0
DA:324,0
DA:326,2
DA:330,0
DA:333,2
DA:334,2
DA:336,2
DA:337,2
DA:339,2
DA:340,2
DA:342,2
DA:343,2
DA:345,2
DA:346,2
DA:348,1
DA:349,1
DA:350,1
DA:352,0
DA:353,0
DA:354,0
DA:356,1
DA:357,1
DA:360,2
DA:362,2
DA:363,2
DA:364,2
DA:365,2
DA:366,2
DA:367,2
DA:372,1
DA:375,2
DA:376,2
DA:377,2
DA:378,2
DA:379,2
DA:380,2
DA:385,2
DA:389,2
DA:390,2
DA:391,2
DA:392,2
DA:393,2
DA:394,2
DA:395,2
DA:396,2
DA:399,2
DA:400,2
DA:401,2
DA:402,2
DA:403,2
DA:404,2
DA:405,2
DA:406,2
DA:408,2
DA:420,0
DA:421,0
DA:424,0
DA:425,0
DA:426,0
DA:427,0
DA:428,0
DA:432,0
DA:433,0
DA:437,0
DA:438,0
DA:441,1
DA:442,0
DA:443,0
DA:446,0
DA:450,1
DA:452,1
LF:201
LH:111
BRDA:122,0,0,0
BRDA:122,0,1,0
BRDA:127,1,0,0
BRDA:127,1,1,0
BRDA:143,2,0,0
BRDA:143,2,1,0
BRDA:165,3,0,0
BRDA:165,3,1,0
BRDA:193,4,0,0
BRDA:193,4,1,0
BRDA:286,5,0,1
BRDA:295,6,0,0
BRDA:295,6,1,2
BRDA:297,7,0,1
BRDA:297,7,1,1
BRDA:299,8,0,1
BRDA:299,8,1,0
BRDA:326,9,0,0
BRDA:326,9,1,2
BRDA:327,10,0,2
BRDA:327,10,1,2
BRDA:346,11,0,1
BRDA:346,11,1,0
BRDA:346,11,2,1
BRDA:367,12,0,1
BRDA:367,12,1,1
BRDA:368,13,0,2
BRDA:368,13,1,0
BRDA:368,13,2,2
BRDA:368,13,3,2
BRDA:380,14,0,2
BRDA:380,14,1,0
BRDA:381,15,0,2
BRDA:381,15,1,0
BRDA:381,15,2,2
BRDA:381,15,3,1
BRF:36
BRH:19
end_of_record
