<?xml version="1.0" encoding="UTF-8"?>
<coverage generated="1614307324366" clover="3.2.0">
  <project timestamp="1614307324366" name="All files">
    <metrics statements="180" coveredstatements="23" conditionals="34" coveredconditionals="0" methods="28" coveredmethods="8" elements="242" coveredelements="31" complexity="0" loc="180" ncloc="180" packages="1" files="1" classes="1"/>
    <file name="index.js" path="C:\Software\School\WI21\CSE110\cse110-w21-group9\index.js">
      <metrics statements="180" coveredstatements="23" conditionals="34" coveredconditionals="0" methods="28" coveredmethods="8"/>
      <line num="2" count="1" type="stmt"/>
      <line num="3" count="1" type="stmt"/>
      <line num="4" count="1" type="stmt"/>
      <line num="5" count="1" type="stmt"/>
      <line num="7" count="1" type="stmt"/>
      <line num="10" count="1" type="stmt"/>
      <line num="14" count="1" type="stmt"/>
      <line num="16" count="1" type="stmt"/>
      <line num="23" count="1" type="stmt"/>
      <line num="36" count="1" type="stmt"/>
      <line num="42" count="1" type="stmt"/>
      <line num="50" count="1" type="stmt"/>
      <line num="51" count="1" type="stmt"/>
      <line num="58" count="1" type="stmt"/>
      <line num="62" count="1" type="stmt"/>
      <line num="66" count="1" type="stmt"/>
      <line num="70" count="1" type="stmt"/>
      <line num="74" count="0" type="stmt"/>
      <line num="78" count="1" type="stmt"/>
      <line num="82" count="1" type="stmt"/>
      <line num="90" count="0" type="stmt"/>
      <line num="91" count="0" type="stmt"/>
      <line num="92" count="0" type="stmt"/>
      <line num="93" count="0" type="stmt"/>
      <line num="94" count="0" type="stmt"/>
      <line num="95" count="0" type="stmt"/>
      <line num="97" count="0" type="stmt"/>
      <line num="105" count="0" type="stmt"/>
      <line num="106" count="0" type="stmt"/>
      <line num="107" count="0" type="stmt"/>
      <line num="108" count="0" type="stmt"/>
      <line num="109" count="0" type="stmt"/>
      <line num="110" count="0" type="stmt"/>
      <line num="111" count="0" type="cond" truecount="0" falsecount="2"/>
      <line num="112" count="0" type="stmt"/>
      <line num="114" count="0" type="cond" truecount="0" falsecount="2"/>
      <line num="115" count="0" type="stmt"/>
      <line num="124" count="0" type="stmt"/>
      <line num="125" count="0" type="stmt"/>
      <line num="126" count="0" type="stmt"/>
      <line num="133" count="0" type="stmt"/>
      <line num="134" count="0" type="stmt"/>
      <line num="135" count="0" type="stmt"/>
      <line num="143" count="0" type="stmt"/>
      <line num="144" count="0" type="cond" truecount="0" falsecount="2"/>
      <line num="145" count="0" type="stmt"/>
      <line num="146" count="0" type="stmt"/>
      <line num="148" count="0" type="stmt"/>
      <line num="149" count="0" type="stmt"/>
      <line num="150" count="0" type="stmt"/>
      <line num="159" count="1" type="stmt"/>
      <line num="171" count="0" type="stmt"/>
      <line num="172" count="0" type="cond" truecount="0" falsecount="2"/>
      <line num="173" count="0" type="stmt"/>
      <line num="174" count="0" type="stmt"/>
      <line num="176" count="0" type="stmt"/>
      <line num="177" count="0" type="stmt"/>
      <line num="178" count="0" type="stmt"/>
      <line num="186" count="0" type="stmt"/>
      <line num="187" count="0" type="stmt"/>
      <line num="188" count="0" type="stmt"/>
      <line num="189" count="0" type="stmt"/>
      <line num="190" count="0" type="stmt"/>
      <line num="191" count="0" type="stmt"/>
      <line num="192" count="0" type="stmt"/>
      <line num="193" count="0" type="stmt"/>
      <line num="201" count="0" type="stmt"/>
      <line num="202" count="0" type="stmt"/>
      <line num="203" count="0" type="stmt"/>
      <line num="204" count="0" type="stmt"/>
      <line num="208" count="0" type="stmt"/>
      <line num="212" count="0" type="stmt"/>
      <line num="220" count="0" type="stmt"/>
      <line num="227" count="0" type="stmt"/>
      <line num="234" count="0" type="stmt"/>
      <line num="235" count="0" type="stmt"/>
      <line num="236" count="0" type="stmt"/>
      <line num="243" count="0" type="stmt"/>
      <line num="244" count="0" type="stmt"/>
      <line num="245" count="0" type="stmt"/>
      <line num="246" count="0" type="stmt"/>
      <line num="247" count="0" type="stmt"/>
      <line num="248" count="0" type="stmt"/>
      <line num="249" count="0" type="stmt"/>
      <line num="250" count="0" type="stmt"/>
      <line num="251" count="0" type="stmt"/>
      <line num="252" count="0" type="stmt"/>
      <line num="253" count="0" type="stmt"/>
      <line num="254" count="0" type="stmt"/>
      <line num="266" count="0" type="stmt"/>
      <line num="267" count="0" type="stmt"/>
      <line num="270" count="0" type="stmt"/>
      <line num="271" count="0" type="stmt"/>
      <line num="272" count="0" type="stmt"/>
      <line num="273" count="0" type="stmt"/>
      <line num="274" count="0" type="cond" truecount="0" falsecount="2"/>
      <line num="275" count="0" type="stmt"/>
      <line num="276" count="0" type="cond" truecount="0" falsecount="2"/>
      <line num="277" count="0" type="stmt"/>
      <line num="278" count="0" type="cond" truecount="0" falsecount="2"/>
      <line num="279" count="0" type="stmt"/>
      <line num="282" count="0" type="stmt"/>
      <line num="283" count="0" type="stmt"/>
      <line num="285" count="0" type="stmt"/>
      <line num="288" count="0" type="stmt"/>
      <line num="289" count="0" type="stmt"/>
      <line num="290" count="0" type="stmt"/>
      <line num="291" count="0" type="stmt"/>
      <line num="292" count="0" type="stmt"/>
      <line num="293" count="0" type="stmt"/>
      <line num="294" count="0" type="stmt"/>
      <line num="295" count="0" type="stmt"/>
      <line num="298" count="0" type="stmt"/>
      <line num="299" count="0" type="stmt"/>
      <line num="300" count="0" type="stmt"/>
      <line num="301" count="0" type="stmt"/>
      <line num="302" count="0" type="stmt"/>
      <line num="303" count="0" type="stmt"/>
      <line num="305" count="0" type="cond" truecount="0" falsecount="2"/>
      <line num="309" count="0" type="stmt"/>
      <line num="312" count="0" type="stmt"/>
      <line num="313" count="0" type="stmt"/>
      <line num="315" count="0" type="stmt"/>
      <line num="316" count="0" type="stmt"/>
      <line num="318" count="0" type="stmt"/>
      <line num="319" count="0" type="stmt"/>
      <line num="321" count="0" type="stmt"/>
      <line num="322" count="0" type="stmt"/>
      <line num="324" count="0" type="stmt"/>
      <line num="325" count="0" type="cond" truecount="0" falsecount="3"/>
      <line num="327" count="0" type="stmt"/>
      <line num="328" count="0" type="stmt"/>
      <line num="329" count="0" type="stmt"/>
      <line num="331" count="0" type="stmt"/>
      <line num="332" count="0" type="stmt"/>
      <line num="333" count="0" type="stmt"/>
      <line num="335" count="0" type="stmt"/>
      <line num="336" count="0" type="stmt"/>
      <line num="339" count="0" type="stmt"/>
      <line num="341" count="0" type="stmt"/>
      <line num="342" count="0" type="stmt"/>
      <line num="343" count="0" type="stmt"/>
      <line num="344" count="0" type="stmt"/>
      <line num="345" count="0" type="stmt"/>
      <line num="346" count="0" type="cond" truecount="0" falsecount="2"/>
      <line num="351" count="0" type="stmt"/>
      <line num="354" count="0" type="stmt"/>
      <line num="355" count="0" type="stmt"/>
      <line num="356" count="0" type="stmt"/>
      <line num="357" count="0" type="stmt"/>
      <line num="358" count="0" type="stmt"/>
      <line num="359" count="0" type="cond" truecount="0" falsecount="2"/>
      <line num="364" count="0" type="stmt"/>
      <line num="368" count="0" type="stmt"/>
      <line num="369" count="0" type="stmt"/>
      <line num="370" count="0" type="stmt"/>
      <line num="371" count="0" type="stmt"/>
      <line num="372" count="0" type="stmt"/>
      <line num="373" count="0" type="stmt"/>
      <line num="374" count="0" type="stmt"/>
      <line num="375" count="0" type="stmt"/>
      <line num="378" count="0" type="stmt"/>
      <line num="379" count="0" type="stmt"/>
      <line num="380" count="0" type="stmt"/>
      <line num="381" count="0" type="stmt"/>
      <line num="382" count="0" type="stmt"/>
      <line num="383" count="0" type="stmt"/>
      <line num="384" count="0" type="stmt"/>
      <line num="385" count="0" type="stmt"/>
      <line num="387" count="0" type="stmt"/>
      <line num="399" count="0" type="stmt"/>
      <line num="400" count="0" type="stmt"/>
      <line num="403" count="0" type="stmt"/>
      <line num="404" count="0" type="stmt"/>
      <line num="405" count="0" type="stmt"/>
      <line num="406" count="0" type="stmt"/>
      <line num="409" count="1" type="stmt"/>
      <line num="410" count="0" type="stmt"/>
      <line num="413" count="1" type="stmt"/>
      <line num="415" count="1" type="stmt"/>
    </file>
  </project>
</coverage>
