{"C:\\Software\\School\\WI21\\CSE110\\cse110-w21-group9\\index.js": {"path":"C:\\Software\\School\\WI21\\CSE110\\cse110-w21-group9\\index.js","statementMap":{"0":{"start":{"line":2,"column":29},"end":{"line":2,"column":37}},"1":{"start":{"line":3,"column":28},"end":{"line":3,"column":37}},"2":{"start":{"line":4,"column":22},"end":{"line":4,"column":31}},"3":{"start":{"line":5,"column":27},"end":{"line":5,"column":30}},"4":{"start":{"line":7,"column":25},"end":{"line":7,"column":26}},"5":{"start":{"line":10,"column":17},"end":{"line":10,"column":18}},"6":{"start":{"line":12,"column":23},"end":{"line":16,"column":1}},"7":{"start":{"line":18,"column":15},"end":{"line":18,"column":17}},"8":{"start":{"line":31,"column":20},"end":{"line":31,"column":22}},"9":{"start":{"line":37,"column":13},"end":{"line":44,"column":3}},"10":{"start":{"line":45,"column":2},"end":{"line":45,"column":22}},"11":{"start":{"line":46,"column":2},"end":{"line":46,"column":17}},"12":{"start":{"line":53,"column":2},"end":{"line":53,"column":34}},"13":{"start":{"line":57,"column":2},"end":{"line":57,"column":39}},"14":{"start":{"line":61,"column":2},"end":{"line":61,"column":46}},"15":{"start":{"line":65,"column":2},"end":{"line":65,"column":26}},"16":{"start":{"line":69,"column":2},"end":{"line":69,"column":23}},"17":{"start":{"line":73,"column":2},"end":{"line":73,"column":25}},"18":{"start":{"line":81,"column":2},"end":{"line":81,"column":33}},"19":{"start":{"line":89,"column":2},"end":{"line":89,"column":32}},"20":{"start":{"line":90,"column":2},"end":{"line":91,"column":30}},"21":{"start":{"line":90,"column":44},"end":{"line":90,"column":66}},"22":{"start":{"line":91,"column":7},"end":{"line":91,"column":30}},"23":{"start":{"line":99,"column":2},"end":{"line":99,"column":22}},"24":{"start":{"line":106,"column":2},"end":{"line":106,"column":20}},"25":{"start":{"line":107,"column":2},"end":{"line":107,"column":34}},"26":{"start":{"line":108,"column":2},"end":{"line":108,"column":51}},"27":{"start":{"line":116,"column":2},"end":{"line":116,"column":20}},"28":{"start":{"line":117,"column":2},"end":{"line":124,"column":3}},"29":{"start":{"line":118,"column":4},"end":{"line":118,"column":26}},"30":{"start":{"line":119,"column":4},"end":{"line":119,"column":17}},"31":{"start":{"line":121,"column":16},"end":{"line":121,"column":41}},"32":{"start":{"line":122,"column":4},"end":{"line":122,"column":39}},"33":{"start":{"line":123,"column":4},"end":{"line":123,"column":53}},"34":{"start":{"line":132,"column":2},"end":{"line":136,"column":4}},"35":{"start":{"line":144,"column":2},"end":{"line":144,"column":20}},"36":{"start":{"line":145,"column":2},"end":{"line":152,"column":3}},"37":{"start":{"line":146,"column":4},"end":{"line":146,"column":27}},"38":{"start":{"line":147,"column":4},"end":{"line":147,"column":18}},"39":{"start":{"line":149,"column":16},"end":{"line":149,"column":41}},"40":{"start":{"line":150,"column":4},"end":{"line":150,"column":40}},"41":{"start":{"line":151,"column":4},"end":{"line":151,"column":54}},"42":{"start":{"line":159,"column":2},"end":{"line":159,"column":20}},"43":{"start":{"line":160,"column":2},"end":{"line":160,"column":41}},"44":{"start":{"line":161,"column":2},"end":{"line":161,"column":52}},"45":{"start":{"line":168,"column":2},"end":{"line":168,"column":20}},"46":{"start":{"line":169,"column":2},"end":{"line":169,"column":40}},"47":{"start":{"line":170,"column":2},"end":{"line":170,"column":52}},"48":{"start":{"line":174,"column":2},"end":{"line":174,"column":58}},"49":{"start":{"line":178,"column":2},"end":{"line":178,"column":57}},"50":{"start":{"line":181,"column":0},"end":{"line":211,"column":1}},"51":{"start":{"line":183,"column":2},"end":{"line":208,"column":4}}},"fnMap":{"0":{"name":"createPomodoro","decl":{"start":{"line":36,"column":9},"end":{"line":36,"column":23}},"loc":{"start":{"line":36,"column":50},"end":{"line":47,"column":1}},"line":36},"1":{"name":"logDistraction","decl":{"start":{"line":52,"column":9},"end":{"line":52,"column":23}},"loc":{"start":{"line":52,"column":32},"end":{"line":54,"column":1}},"line":52},"2":{"name":"setName","decl":{"start":{"line":56,"column":9},"end":{"line":56,"column":16}},"loc":{"start":{"line":56,"column":35},"end":{"line":58,"column":1}},"line":56},"3":{"name":"setStatus","decl":{"start":{"line":60,"column":9},"end":{"line":60,"column":18}},"loc":{"start":{"line":60,"column":39},"end":{"line":62,"column":1}},"line":60},"4":{"name":"getPomo","decl":{"start":{"line":64,"column":9},"end":{"line":64,"column":16}},"loc":{"start":{"line":64,"column":25},"end":{"line":66,"column":1}},"line":64},"5":{"name":"getCurrentPomoId","decl":{"start":{"line":68,"column":9},"end":{"line":68,"column":25}},"loc":{"start":{"line":68,"column":28},"end":{"line":70,"column":1}},"line":68},"6":{"name":"setPomo","decl":{"start":{"line":72,"column":9},"end":{"line":72,"column":16}},"loc":{"start":{"line":72,"column":25},"end":{"line":74,"column":1}},"line":72},"7":{"name":"finishBreak","decl":{"start":{"line":80,"column":9},"end":{"line":80,"column":20}},"loc":{"start":{"line":80,"column":23},"end":{"line":82,"column":1}},"line":80},"8":{"name":"finishPomo","decl":{"start":{"line":88,"column":9},"end":{"line":88,"column":19}},"loc":{"start":{"line":88,"column":22},"end":{"line":92,"column":1}},"line":88},"9":{"name":"cancelPomo","decl":{"start":{"line":98,"column":9},"end":{"line":98,"column":19}},"loc":{"start":{"line":98,"column":22},"end":{"line":100,"column":1}},"line":98},"10":{"name":"startPomoTimer","decl":{"start":{"line":105,"column":9},"end":{"line":105,"column":23}},"loc":{"start":{"line":105,"column":26},"end":{"line":109,"column":1}},"line":105},"11":{"name":"refreshPomoTimer","decl":{"start":{"line":115,"column":9},"end":{"line":115,"column":25}},"loc":{"start":{"line":115,"column":28},"end":{"line":125,"column":1}},"line":115},"12":{"name":"getTimeString","decl":{"start":{"line":131,"column":9},"end":{"line":131,"column":22}},"loc":{"start":{"line":131,"column":29},"end":{"line":137,"column":1}},"line":131},"13":{"name":"refreshBreakTimer","decl":{"start":{"line":143,"column":9},"end":{"line":143,"column":26}},"loc":{"start":{"line":143,"column":29},"end":{"line":153,"column":1}},"line":143},"14":{"name":"startShortBreakTimer","decl":{"start":{"line":158,"column":9},"end":{"line":158,"column":29}},"loc":{"start":{"line":158,"column":32},"end":{"line":162,"column":1}},"line":158},"15":{"name":"startLongBreakTimer","decl":{"start":{"line":167,"column":9},"end":{"line":167,"column":28}},"loc":{"start":{"line":167,"column":31},"end":{"line":171,"column":1}},"line":167},"16":{"name":"setBreakTimer","decl":{"start":{"line":173,"column":9},"end":{"line":173,"column":22}},"loc":{"start":{"line":173,"column":29},"end":{"line":175,"column":1}},"line":173},"17":{"name":"setPomoTimer","decl":{"start":{"line":177,"column":9},"end":{"line":177,"column":21}},"loc":{"start":{"line":177,"column":28},"end":{"line":179,"column":1}},"line":177}},"branchMap":{"0":{"loc":{"start":{"line":90,"column":2},"end":{"line":91,"column":30}},"type":"if","locations":[{"start":{"line":90,"column":2},"end":{"line":91,"column":30}},{"start":{"line":90,"column":2},"end":{"line":91,"column":30}}],"line":90},"1":{"loc":{"start":{"line":117,"column":2},"end":{"line":124,"column":3}},"type":"if","locations":[{"start":{"line":117,"column":2},"end":{"line":124,"column":3}},{"start":{"line":117,"column":2},"end":{"line":124,"column":3}}],"line":117},"2":{"loc":{"start":{"line":145,"column":2},"end":{"line":152,"column":3}},"type":"if","locations":[{"start":{"line":145,"column":2},"end":{"line":152,"column":3}},{"start":{"line":145,"column":2},"end":{"line":152,"column":3}}],"line":145}},"s":{"0":1,"1":1,"2":1,"3":1,"4":1,"5":1,"6":1,"7":1,"8":1,"9":1,"10":1,"11":1,"12":1,"13":1,"14":1,"15":1,"16":1,"17":1,"18":0,"19":0,"20":0,"21":0,"22":0,"23":0,"24":0,"25":0,"26":0,"27":0,"28":0,"29":0,"30":0,"31":0,"32":0,"33":0,"34":1,"35":0,"36":0,"37":0,"38":0,"39":0,"40":0,"41":0,"42":0,"43":0,"44":0,"45":0,"46":0,"47":0,"48":0,"49":0,"50":1,"51":1},"f":{"0":1,"1":1,"2":1,"3":1,"4":1,"5":1,"6":1,"7":0,"8":0,"9":0,"10":0,"11":0,"12":1,"13":0,"14":0,"15":0,"16":0,"17":0},"b":{"0":[0,0],"1":[0,0],"2":[0,0]},"_coverageSchema":"1a1c01bbd47fc00a2c39e90264f33305004495a9","hash":"82649fda204ddb42b1010343472d97c378039d2b"}
}
