{"C:\\Software\\School\\WI21\\CSE110\\cse110-w21-group9\\index.js": {"path":"C:\\Software\\School\\WI21\\CSE110\\cse110-w21-group9\\index.js","statementMap":{"0":{"start":{"line":2,"column":29},"end":{"line":2,"column":37}},"1":{"start":{"line":3,"column":28},"end":{"line":3,"column":36}},"2":{"start":{"line":4,"column":22},"end":{"line":4,"column":30}},"3":{"start":{"line":5,"column":27},"end":{"line":5,"column":30}},"4":{"start":{"line":7,"column":25},"end":{"line":7,"column":26}},"5":{"start":{"line":10,"column":17},"end":{"line":10,"column":18}},"6":{"start":{"line":14,"column":22},"end":{"line":14,"column":23}},"7":{"start":{"line":16,"column":23},"end":{"line":21,"column":1}},"8":{"start":{"line":34,"column":15},"end":{"line":34,"column":17}},"9":{"start":{"line":35,"column":20},"end":{"line":35,"column":22}},"10":{"start":{"line":41,"column":13},"end":{"line":48,"column":3}},"11":{"start":{"line":49,"column":2},"end":{"line":49,"column":22}},"12":{"start":{"line":50,"column":2},"end":{"line":50,"column":17}},"13":{"start":{"line":57,"column":2},"end":{"line":57,"column":34}},"14":{"start":{"line":61,"column":2},"end":{"line":61,"column":39}},"15":{"start":{"line":65,"column":2},"end":{"line":65,"column":46}},"16":{"start":{"line":69,"column":2},"end":{"line":69,"column":18}},"17":{"start":{"line":73,"column":2},"end":{"line":73,"column":26}},"18":{"start":{"line":77,"column":2},"end":{"line":77,"column":23}},"19":{"start":{"line":81,"column":2},"end":{"line":81,"column":25}},"20":{"start":{"line":89,"column":2},"end":{"line":89,"column":33}},"21":{"start":{"line":90,"column":2},"end":{"line":90,"column":22}},"22":{"start":{"line":91,"column":16},"end":{"line":91,"column":55}},"23":{"start":{"line":92,"column":2},"end":{"line":95,"column":3}},"24":{"start":{"line":92,"column":15},"end":{"line":92,"column":16}},"25":{"start":{"line":93,"column":17},"end":{"line":93,"column":27}},"26":{"start":{"line":94,"column":4},"end":{"line":94,"column":28}},"27":{"start":{"line":96,"column":2},"end":{"line":96,"column":16}},"28":{"start":{"line":104,"column":2},"end":{"line":104,"column":32}},"29":{"start":{"line":105,"column":17},"end":{"line":105,"column":53}},"30":{"start":{"line":106,"column":18},"end":{"line":106,"column":55}},"31":{"start":{"line":107,"column":2},"end":{"line":107,"column":34}},"32":{"start":{"line":108,"column":2},"end":{"line":108,"column":35}},"33":{"start":{"line":109,"column":2},"end":{"line":109,"column":16}},"34":{"start":{"line":110,"column":2},"end":{"line":115,"column":3}},"35":{"start":{"line":111,"column":4},"end":{"line":111,"column":24}},"36":{"start":{"line":113,"column":4},"end":{"line":114,"column":32}},"37":{"start":{"line":113,"column":46},"end":{"line":113,"column":68}},"38":{"start":{"line":114,"column":9},"end":{"line":114,"column":32}},"39":{"start":{"line":123,"column":2},"end":{"line":123,"column":22}},"40":{"start":{"line":124,"column":2},"end":{"line":124,"column":42}},"41":{"start":{"line":125,"column":2},"end":{"line":125,"column":22}},"42":{"start":{"line":132,"column":2},"end":{"line":132,"column":20}},"43":{"start":{"line":133,"column":2},"end":{"line":133,"column":34}},"44":{"start":{"line":134,"column":2},"end":{"line":134,"column":51}},"45":{"start":{"line":142,"column":2},"end":{"line":142,"column":20}},"46":{"start":{"line":143,"column":2},"end":{"line":150,"column":3}},"47":{"start":{"line":144,"column":4},"end":{"line":144,"column":26}},"48":{"start":{"line":145,"column":4},"end":{"line":145,"column":17}},"49":{"start":{"line":147,"column":16},"end":{"line":147,"column":41}},"50":{"start":{"line":148,"column":4},"end":{"line":148,"column":39}},"51":{"start":{"line":149,"column":4},"end":{"line":149,"column":53}},"52":{"start":{"line":158,"column":2},"end":{"line":162,"column":4}},"53":{"start":{"line":170,"column":2},"end":{"line":170,"column":20}},"54":{"start":{"line":171,"column":2},"end":{"line":178,"column":3}},"55":{"start":{"line":172,"column":4},"end":{"line":172,"column":27}},"56":{"start":{"line":173,"column":4},"end":{"line":173,"column":18}},"57":{"start":{"line":175,"column":16},"end":{"line":175,"column":41}},"58":{"start":{"line":176,"column":4},"end":{"line":176,"column":40}},"59":{"start":{"line":177,"column":4},"end":{"line":177,"column":54}},"60":{"start":{"line":185,"column":2},"end":{"line":185,"column":20}},"61":{"start":{"line":186,"column":2},"end":{"line":186,"column":41}},"62":{"start":{"line":187,"column":2},"end":{"line":187,"column":52}},"63":{"start":{"line":188,"column":2},"end":{"line":188,"column":20}},"64":{"start":{"line":189,"column":16},"end":{"line":189,"column":55}},"65":{"start":{"line":190,"column":2},"end":{"line":193,"column":3}},"66":{"start":{"line":190,"column":15},"end":{"line":190,"column":16}},"67":{"start":{"line":191,"column":17},"end":{"line":191,"column":27}},"68":{"start":{"line":192,"column":4},"end":{"line":192,"column":48}},"69":{"start":{"line":200,"column":2},"end":{"line":200,"column":20}},"70":{"start":{"line":201,"column":2},"end":{"line":201,"column":40}},"71":{"start":{"line":202,"column":2},"end":{"line":202,"column":52}},"72":{"start":{"line":203,"column":2},"end":{"line":203,"column":20}},"73":{"start":{"line":207,"column":2},"end":{"line":207,"column":58}},"74":{"start":{"line":211,"column":2},"end":{"line":211,"column":57}},"75":{"start":{"line":219,"column":2},"end":{"line":219,"column":25}},"76":{"start":{"line":226,"column":2},"end":{"line":226,"column":23}},"77":{"start":{"line":233,"column":2},"end":{"line":233,"column":59}},"78":{"start":{"line":234,"column":2},"end":{"line":234,"column":21}},"79":{"start":{"line":235,"column":2},"end":{"line":235,"column":16}},"80":{"start":{"line":242,"column":17},"end":{"line":242,"column":53}},"81":{"start":{"line":243,"column":18},"end":{"line":243,"column":55}},"82":{"start":{"line":244,"column":2},"end":{"line":244,"column":34}},"83":{"start":{"line":245,"column":2},"end":{"line":245,"column":36}},"84":{"start":{"line":246,"column":2},"end":{"line":246,"column":61}},"85":{"start":{"line":247,"column":2},"end":{"line":247,"column":18}},"86":{"start":{"line":248,"column":2},"end":{"line":248,"column":25}},"87":{"start":{"line":249,"column":13},"end":{"line":249,"column":44}},"88":{"start":{"line":250,"column":2},"end":{"line":250,"column":48}},"89":{"start":{"line":251,"column":2},"end":{"line":251,"column":19}},"90":{"start":{"line":252,"column":2},"end":{"line":252,"column":66}},"91":{"start":{"line":253,"column":2},"end":{"line":253,"column":36}},"92":{"start":{"line":265,"column":14},"end":{"line":265,"column":46}},"93":{"start":{"line":266,"column":2},"end":{"line":267,"column":190}},"94":{"start":{"line":269,"column":13},"end":{"line":269,"column":15}},"95":{"start":{"line":270,"column":16},"end":{"line":270,"column":18}},"96":{"start":{"line":271,"column":19},"end":{"line":271,"column":21}},"97":{"start":{"line":272,"column":2},"end":{"line":279,"column":3}},"98":{"start":{"line":272,"column":15},"end":{"line":272,"column":16}},"99":{"start":{"line":273,"column":4},"end":{"line":278,"column":29}},"100":{"start":{"line":274,"column":6},"end":{"line":274,"column":35}},"101":{"start":{"line":275,"column":9},"end":{"line":278,"column":29}},"102":{"start":{"line":276,"column":6},"end":{"line":276,"column":32}},"103":{"start":{"line":277,"column":9},"end":{"line":278,"column":29}},"104":{"start":{"line":278,"column":6},"end":{"line":278,"column":29}},"105":{"start":{"line":281,"column":2},"end":{"line":281,"column":51}},"106":{"start":{"line":282,"column":2},"end":{"line":387,"column":3}},"107":{"start":{"line":282,"column":15},"end":{"line":282,"column":16}},"108":{"start":{"line":284,"column":14},"end":{"line":284,"column":42}},"109":{"start":{"line":287,"column":20},"end":{"line":287,"column":48}},"110":{"start":{"line":288,"column":15},"end":{"line":288,"column":43}},"111":{"start":{"line":289,"column":19},"end":{"line":289,"column":47}},"112":{"start":{"line":290,"column":17},"end":{"line":290,"column":45}},"113":{"start":{"line":291,"column":19},"end":{"line":291,"column":47}},"114":{"start":{"line":292,"column":24},"end":{"line":292,"column":52}},"115":{"start":{"line":293,"column":16},"end":{"line":293,"column":44}},"116":{"start":{"line":294,"column":14},"end":{"line":294,"column":42}},"117":{"start":{"line":297,"column":18},"end":{"line":297,"column":50}},"118":{"start":{"line":298,"column":4},"end":{"line":298,"column":33}},"119":{"start":{"line":299,"column":4},"end":{"line":299,"column":37}},"120":{"start":{"line":300,"column":4},"end":{"line":303,"column":7}},"121":{"start":{"line":301,"column":6},"end":{"line":301,"column":55}},"122":{"start":{"line":302,"column":6},"end":{"line":302,"column":20}},"123":{"start":{"line":304,"column":4},"end":{"line":309,"column":5}},"124":{"start":{"line":308,"column":6},"end":{"line":308,"column":51}},"125":{"start":{"line":311,"column":19},"end":{"line":311,"column":46}},"126":{"start":{"line":312,"column":4},"end":{"line":312,"column":44}},"127":{"start":{"line":314,"column":18},"end":{"line":314,"column":45}},"128":{"start":{"line":315,"column":4},"end":{"line":315,"column":49}},"129":{"start":{"line":317,"column":21},"end":{"line":317,"column":48}},"130":{"start":{"line":318,"column":4},"end":{"line":318,"column":49}},"131":{"start":{"line":320,"column":23},"end":{"line":320,"column":50}},"132":{"start":{"line":321,"column":4},"end":{"line":321,"column":52}},"133":{"start":{"line":323,"column":22},"end":{"line":323,"column":49}},"134":{"start":{"line":324,"column":4},"end":{"line":336,"column":5}},"135":{"start":{"line":326,"column":8},"end":{"line":326,"column":46}},"136":{"start":{"line":327,"column":8},"end":{"line":327,"column":53}},"137":{"start":{"line":328,"column":8},"end":{"line":328,"column":14}},"138":{"start":{"line":330,"column":8},"end":{"line":330,"column":46}},"139":{"start":{"line":331,"column":8},"end":{"line":331,"column":53}},"140":{"start":{"line":332,"column":8},"end":{"line":332,"column":14}},"141":{"start":{"line":334,"column":8},"end":{"line":334,"column":43}},"142":{"start":{"line":335,"column":8},"end":{"line":335,"column":50}},"143":{"start":{"line":338,"column":16},"end":{"line":338,"column":28}},"144":{"start":{"line":340,"column":20},"end":{"line":340,"column":52}},"145":{"start":{"line":341,"column":4},"end":{"line":341,"column":38}},"146":{"start":{"line":342,"column":4},"end":{"line":342,"column":40}},"147":{"start":{"line":343,"column":4},"end":{"line":343,"column":34}},"148":{"start":{"line":344,"column":4},"end":{"line":344,"column":66}},"149":{"start":{"line":345,"column":4},"end":{"line":351,"column":5}},"150":{"start":{"line":350,"column":6},"end":{"line":350,"column":53}},"151":{"start":{"line":353,"column":18},"end":{"line":353,"column":50}},"152":{"start":{"line":354,"column":4},"end":{"line":354,"column":37}},"153":{"start":{"line":355,"column":4},"end":{"line":355,"column":39}},"154":{"start":{"line":356,"column":4},"end":{"line":356,"column":33}},"155":{"start":{"line":357,"column":4},"end":{"line":357,"column":65}},"156":{"start":{"line":358,"column":4},"end":{"line":364,"column":5}},"157":{"start":{"line":363,"column":6},"end":{"line":363,"column":51}},"158":{"start":{"line":367,"column":4},"end":{"line":367,"column":35}},"159":{"start":{"line":368,"column":4},"end":{"line":368,"column":31}},"160":{"start":{"line":369,"column":4},"end":{"line":369,"column":34}},"161":{"start":{"line":370,"column":4},"end":{"line":370,"column":35}},"162":{"start":{"line":371,"column":4},"end":{"line":371,"column":39}},"163":{"start":{"line":372,"column":4},"end":{"line":372,"column":43}},"164":{"start":{"line":373,"column":4},"end":{"line":373,"column":33}},"165":{"start":{"line":374,"column":4},"end":{"line":374,"column":29}},"166":{"start":{"line":377,"column":4},"end":{"line":377,"column":31}},"167":{"start":{"line":378,"column":4},"end":{"line":378,"column":26}},"168":{"start":{"line":379,"column":4},"end":{"line":379,"column":30}},"169":{"start":{"line":380,"column":4},"end":{"line":380,"column":28}},"170":{"start":{"line":381,"column":4},"end":{"line":381,"column":30}},"171":{"start":{"line":382,"column":4},"end":{"line":382,"column":35}},"172":{"start":{"line":383,"column":4},"end":{"line":383,"column":27}},"173":{"start":{"line":384,"column":4},"end":{"line":384,"column":25}},"174":{"start":{"line":386,"column":4},"end":{"line":386,"column":27}},"175":{"start":{"line":398,"column":22},"end":{"line":398,"column":57}},"176":{"start":{"line":399,"column":18},"end":{"line":399,"column":61}},"177":{"start":{"line":402,"column":14},"end":{"line":402,"column":66}},"178":{"start":{"line":403,"column":2},"end":{"line":403,"column":16}},"179":{"start":{"line":404,"column":2},"end":{"line":404,"column":23}},"180":{"start":{"line":405,"column":2},"end":{"line":405,"column":27}},"181":{"start":{"line":408,"column":0},"end":{"line":410,"column":2}},"182":{"start":{"line":409,"column":2},"end":{"line":409,"column":16}},"183":{"start":{"line":412,"column":0},"end":{"line":446,"column":1}},"184":{"start":{"line":414,"column":2},"end":{"line":443,"column":4}}},"fnMap":{"0":{"name":"createPomodoro","decl":{"start":{"line":40,"column":9},"end":{"line":40,"column":23}},"loc":{"start":{"line":40,"column":50},"end":{"line":51,"column":1}},"line":40},"1":{"name":"logDistraction","decl":{"start":{"line":56,"column":9},"end":{"line":56,"column":23}},"loc":{"start":{"line":56,"column":32},"end":{"line":58,"column":1}},"line":56},"2":{"name":"setName","decl":{"start":{"line":60,"column":9},"end":{"line":60,"column":16}},"loc":{"start":{"line":60,"column":35},"end":{"line":62,"column":1}},"line":60},"3":{"name":"setStatus","decl":{"start":{"line":64,"column":9},"end":{"line":64,"column":18}},"loc":{"start":{"line":64,"column":39},"end":{"line":66,"column":1}},"line":64},"4":{"name":"getPomo","decl":{"start":{"line":68,"column":9},"end":{"line":68,"column":16}},"loc":{"start":{"line":68,"column":19},"end":{"line":70,"column":1}},"line":68},"5":{"name":"getPomoById","decl":{"start":{"line":72,"column":9},"end":{"line":72,"column":20}},"loc":{"start":{"line":72,"column":29},"end":{"line":74,"column":1}},"line":72},"6":{"name":"getCurrentPomoId","decl":{"start":{"line":76,"column":9},"end":{"line":76,"column":25}},"loc":{"start":{"line":76,"column":28},"end":{"line":78,"column":1}},"line":76},"7":{"name":"setPomo","decl":{"start":{"line":80,"column":9},"end":{"line":80,"column":16}},"loc":{"start":{"line":80,"column":25},"end":{"line":82,"column":1}},"line":80},"8":{"name":"finishBreak","decl":{"start":{"line":88,"column":9},"end":{"line":88,"column":20}},"loc":{"start":{"line":88,"column":23},"end":{"line":97,"column":1}},"line":88},"9":{"name":"finishPomo","decl":{"start":{"line":103,"column":9},"end":{"line":103,"column":19}},"loc":{"start":{"line":103,"column":22},"end":{"line":116,"column":1}},"line":103},"10":{"name":"cancelPomo","decl":{"start":{"line":122,"column":9},"end":{"line":122,"column":19}},"loc":{"start":{"line":122,"column":22},"end":{"line":126,"column":1}},"line":122},"11":{"name":"startPomoTimer","decl":{"start":{"line":131,"column":9},"end":{"line":131,"column":23}},"loc":{"start":{"line":131,"column":26},"end":{"line":135,"column":1}},"line":131},"12":{"name":"refreshPomoTimer","decl":{"start":{"line":141,"column":9},"end":{"line":141,"column":25}},"loc":{"start":{"line":141,"column":28},"end":{"line":151,"column":1}},"line":141},"13":{"name":"getTimeString","decl":{"start":{"line":157,"column":9},"end":{"line":157,"column":22}},"loc":{"start":{"line":157,"column":29},"end":{"line":163,"column":1}},"line":157},"14":{"name":"refreshBreakTimer","decl":{"start":{"line":169,"column":9},"end":{"line":169,"column":26}},"loc":{"start":{"line":169,"column":29},"end":{"line":179,"column":1}},"line":169},"15":{"name":"startShortBreakTimer","decl":{"start":{"line":184,"column":9},"end":{"line":184,"column":29}},"loc":{"start":{"line":184,"column":32},"end":{"line":194,"column":1}},"line":184},"16":{"name":"startLongBreakTimer","decl":{"start":{"line":199,"column":9},"end":{"line":199,"column":28}},"loc":{"start":{"line":199,"column":31},"end":{"line":204,"column":1}},"line":199},"17":{"name":"setBreakTimer","decl":{"start":{"line":206,"column":9},"end":{"line":206,"column":22}},"loc":{"start":{"line":206,"column":29},"end":{"line":208,"column":1}},"line":206},"18":{"name":"setPomoTimer","decl":{"start":{"line":210,"column":9},"end":{"line":210,"column":21}},"loc":{"start":{"line":210,"column":28},"end":{"line":212,"column":1}},"line":210},"19":{"name":"setCurrentPomo","decl":{"start":{"line":218,"column":9},"end":{"line":218,"column":23}},"loc":{"start":{"line":218,"column":32},"end":{"line":220,"column":1}},"line":218},"20":{"name":"getCurrentPomo","decl":{"start":{"line":225,"column":9},"end":{"line":225,"column":23}},"loc":{"start":{"line":225,"column":26},"end":{"line":227,"column":1}},"line":225},"21":{"name":"finishTask","decl":{"start":{"line":232,"column":9},"end":{"line":232,"column":19}},"loc":{"start":{"line":232,"column":28},"end":{"line":236,"column":1}},"line":232},"22":{"name":"startPomo","decl":{"start":{"line":241,"column":9},"end":{"line":241,"column":18}},"loc":{"start":{"line":241,"column":27},"end":{"line":254,"column":1}},"line":241},"23":{"name":"updatePomo","decl":{"start":{"line":259,"column":9},"end":{"line":259,"column":19}},"loc":{"start":{"line":259,"column":22},"end":{"line":259,"column":24}},"line":259},"24":{"name":"updateTable","decl":{"start":{"line":264,"column":9},"end":{"line":264,"column":20}},"loc":{"start":{"line":264,"column":47},"end":{"line":388,"column":1}},"line":264},"25":{"name":"(anonymous_25)","decl":{"start":{"line":300,"column":38},"end":{"line":300,"column":39}},"loc":{"start":{"line":300,"column":50},"end":{"line":303,"column":5}},"line":300},"26":{"name":"addTask","decl":{"start":{"line":394,"column":9},"end":{"line":394,"column":16}},"loc":{"start":{"line":394,"column":19},"end":{"line":406,"column":1}},"line":394},"27":{"name":"(anonymous_27)","decl":{"start":{"line":408,"column":16},"end":{"line":408,"column":17}},"loc":{"start":{"line":408,"column":28},"end":{"line":410,"column":1}},"line":408}},"branchMap":{"0":{"loc":{"start":{"line":110,"column":2},"end":{"line":115,"column":3}},"type":"if","locations":[{"start":{"line":110,"column":2},"end":{"line":115,"column":3}},{"start":{"line":110,"column":2},"end":{"line":115,"column":3}}],"line":110},"1":{"loc":{"start":{"line":113,"column":4},"end":{"line":114,"column":32}},"type":"if","locations":[{"start":{"line":113,"column":4},"end":{"line":114,"column":32}},{"start":{"line":113,"column":4},"end":{"line":114,"column":32}}],"line":113},"2":{"loc":{"start":{"line":143,"column":2},"end":{"line":150,"column":3}},"type":"if","locations":[{"start":{"line":143,"column":2},"end":{"line":150,"column":3}},{"start":{"line":143,"column":2},"end":{"line":150,"column":3}}],"line":143},"3":{"loc":{"start":{"line":171,"column":2},"end":{"line":178,"column":3}},"type":"if","locations":[{"start":{"line":171,"column":2},"end":{"line":178,"column":3}},{"start":{"line":171,"column":2},"end":{"line":178,"column":3}}],"line":171},"4":{"loc":{"start":{"line":264,"column":21},"end":{"line":264,"column":45}},"type":"default-arg","locations":[{"start":{"line":264,"column":40},"end":{"line":264,"column":45}}],"line":264},"5":{"loc":{"start":{"line":273,"column":4},"end":{"line":278,"column":29}},"type":"if","locations":[{"start":{"line":273,"column":4},"end":{"line":278,"column":29}},{"start":{"line":273,"column":4},"end":{"line":278,"column":29}}],"line":273},"6":{"loc":{"start":{"line":275,"column":9},"end":{"line":278,"column":29}},"type":"if","locations":[{"start":{"line":275,"column":9},"end":{"line":278,"column":29}},{"start":{"line":275,"column":9},"end":{"line":278,"column":29}}],"line":275},"7":{"loc":{"start":{"line":277,"column":9},"end":{"line":278,"column":29}},"type":"if","locations":[{"start":{"line":277,"column":9},"end":{"line":278,"column":29}},{"start":{"line":277,"column":9},"end":{"line":278,"column":29}}],"line":277},"8":{"loc":{"start":{"line":304,"column":4},"end":{"line":309,"column":5}},"type":"if","locations":[{"start":{"line":304,"column":4},"end":{"line":309,"column":5}},{"start":{"line":304,"column":4},"end":{"line":309,"column":5}}],"line":304},"9":{"loc":{"start":{"line":305,"column":6},"end":{"line":306,"column":58}},"type":"binary-expr","locations":[{"start":{"line":305,"column":6},"end":{"line":305,"column":28}},{"start":{"line":306,"column":6},"end":{"line":306,"column":58}}],"line":305},"10":{"loc":{"start":{"line":324,"column":4},"end":{"line":336,"column":5}},"type":"switch","locations":[{"start":{"line":325,"column":6},"end":{"line":328,"column":14}},{"start":{"line":329,"column":6},"end":{"line":332,"column":14}},{"start":{"line":333,"column":6},"end":{"line":335,"column":50}}],"line":324},"11":{"loc":{"start":{"line":345,"column":4},"end":{"line":351,"column":5}},"type":"if","locations":[{"start":{"line":345,"column":4},"end":{"line":351,"column":5}},{"start":{"line":345,"column":4},"end":{"line":351,"column":5}}],"line":345},"12":{"loc":{"start":{"line":346,"column":6},"end":{"line":348,"column":56}},"type":"binary-expr","locations":[{"start":{"line":346,"column":7},"end":{"line":346,"column":25}},{"start":{"line":346,"column":29},"end":{"line":346,"column":51}},{"start":{"line":347,"column":6},"end":{"line":347,"column":22}},{"start":{"line":348,"column":6},"end":{"line":348,"column":56}}],"line":346},"13":{"loc":{"start":{"line":358,"column":4},"end":{"line":364,"column":5}},"type":"if","locations":[{"start":{"line":358,"column":4},"end":{"line":364,"column":5}},{"start":{"line":358,"column":4},"end":{"line":364,"column":5}}],"line":358},"14":{"loc":{"start":{"line":359,"column":6},"end":{"line":361,"column":58}},"type":"binary-expr","locations":[{"start":{"line":359,"column":7},"end":{"line":359,"column":25}},{"start":{"line":359,"column":29},"end":{"line":359,"column":51}},{"start":{"line":360,"column":6},"end":{"line":360,"column":56}},{"start":{"line":361,"column":6},"end":{"line":361,"column":58}}],"line":359}},"s":{"0":1,"1":1,"2":1,"3":1,"4":1,"5":1,"6":1,"7":1,"8":1,"9":1,"10":2,"11":2,"12":2,"13":1,"14":1,"15":1,"16":1,"17":1,"18":2,"19":1,"20":0,"21":0,"22":0,"23":0,"24":0,"25":0,"26":0,"27":0,"28":0,"29":0,"30":0,"31":0,"32":0,"33":0,"34":0,"35":0,"36":0,"37":0,"38":0,"39":0,"40":0,"41":0,"42":0,"43":0,"44":0,"45":0,"46":0,"47":0,"48":0,"49":0,"50":0,"51":0,"52":1,"53":0,"54":0,"55":0,"56":0,"57":0,"58":0,"59":0,"60":0,"61":0,"62":0,"63":0,"64":0,"65":0,"66":0,"67":0,"68":0,"69":0,"70":0,"71":0,"72":0,"73":1,"74":1,"75":1,"76":0,"77":0,"78":0,"79":0,"80":0,"81":0,"82":0,"83":0,"84":0,"85":0,"86":0,"87":0,"88":0,"89":0,"90":0,"91":0,"92":0,"93":0,"94":0,"95":0,"96":0,"97":0,"98":0,"99":0,"100":0,"101":0,"102":0,"103":0,"104":0,"105":0,"106":0,"107":0,"108":0,"109":0,"110":0,"111":0,"112":0,"113":0,"114":0,"115":0,"116":0,"117":0,"118":0,"119":0,"120":0,"121":0,"122":0,"123":0,"124":0,"125":0,"126":0,"127":0,"128":0,"129":0,"130":0,"131":0,"132":0,"133":0,"134":0,"135":0,"136":0,"137":0,"138":0,"139":0,"140":0,"141":0,"142":0,"143":0,"144":0,"145":0,"146":0,"147":0,"148":0,"149":0,"150":0,"151":0,"152":0,"153":0,"154":0,"155":0,"156":0,"157":0,"158":0,"159":0,"160":0,"161":0,"162":0,"163":0,"164":0,"165":0,"166":0,"167":0,"168":0,"169":0,"170":0,"171":0,"172":0,"173":0,"174":0,"175":0,"176":0,"177":0,"178":0,"179":0,"180":0,"181":1,"182":0,"183":1,"184":1},"f":{"0":2,"1":1,"2":1,"3":1,"4":1,"5":1,"6":2,"7":1,"8":0,"9":0,"10":0,"11":0,"12":0,"13":1,"14":0,"15":0,"16":0,"17":1,"18":1,"19":1,"20":0,"21":0,"22":0,"23":0,"24":0,"25":0,"26":0,"27":0},"b":{"0":[0,0],"1":[0,0],"2":[0,0],"3":[0,0],"4":[0],"5":[0,0],"6":[0,0],"7":[0,0],"8":[0,0],"9":[0,0],"10":[0,0,0],"11":[0,0],"12":[0,0,0,0],"13":[0,0],"14":[0,0,0,0]},"_coverageSchema":"1a1c01bbd47fc00a2c39e90264f33305004495a9","hash":"2f4d9a2d00593bff29e5f5f8e2305e91a1541058"}
}
