TN:
SF:index.js
FN:40,createPomodoro
FN:56,logDistraction
FN:60,setName
FN:64,setStatus
FN:68,getPomo
FN:72,getPomoById
FN:76,getCurrentPomoId
FN:80,setPomo
FN:88,finishBreak
FN:103,finishPomo
FN:122,cancelPomo
FN:131,startPomoTimer
FN:141,refreshPomoTimer
FN:157,getTimeString
FN:169,refreshBreakTimer
FN:184,startShortBreakTimer
FN:199,startLongBreakTimer
FN:206,setBreakTimer
FN:210,setPomoTimer
FN:218,setCurrentPomo
FN:225,getCurrentPomo
FN:232,finishTask
FN:241,startPomo
FN:259,updatePomo
FN:264,updateTable
FN:300,(anonymous_25)
FN:394,addTask
FN:408,(anonymous_27)
FNF:28
FNH:12
FNDA:2,createPomodoro
FNDA:1,logDistraction
FNDA:1,setName
FNDA:1,setStatus
FNDA:1,getPomo
FNDA:1,getPomoById
FNDA:2,getCurrentPomoId
FNDA:1,setPomo
FNDA:0,finishBreak
FNDA:0,finishPomo
FNDA:0,cancelPomo
FNDA:0,startPomoTimer
FNDA:0,refreshPomoTimer
FNDA:1,getTimeString
FNDA:0,refreshBreakTimer
FNDA:0,startShortBreakTimer
FNDA:0,startLongBreakTimer
FNDA:1,setBreakTimer
FNDA:1,setPomoTimer
FNDA:1,setCurrentPomo
FNDA:0,getCurrentPomo
FNDA:0,finishTask
FNDA:0,startPomo
FNDA:0,updatePomo
FNDA:0,updateTable
FNDA:0,(anonymous_25)
FNDA:0,addTask
FNDA:0,(anonymous_27)
DA:2,1
DA:3,1
DA:4,1
DA:5,1
DA:7,1
DA:10,1
DA:14,1
DA:16,1
DA:34,1
DA:35,1
DA:41,2
DA:49,2
DA:50,2
DA:57,1
DA:61,1
DA:65,1
DA:69,1
DA:73,1
DA:77,2
DA:81,1
DA:89,0
DA:90,0
DA:91,0
DA:92,0
DA:93,0
DA:94,0
DA:96,0
DA:104,0
DA:105,0
DA:106,0
DA:107,0
DA:108,0
DA:109,0
DA:110,0
DA:111,0
DA:113,0
DA:114,0
DA:123,0
DA:124,0
DA:125,0
DA:132,0
DA:133,0
DA:134,0
DA:142,0
DA:143,0
DA:144,0
DA:145,0
DA:147,0
DA:148,0
DA:149,0
DA:158,1
DA:170,0
DA:171,0
DA:172,0
DA:173,0
DA:175,0
DA:176,0
DA:177,0
DA:185,0
DA:186,0
DA:187,0
DA:188,0
DA:189,0
DA:190,0
DA:191,0
DA:192,0
DA:200,0
DA:201,0
DA:202,0
DA:203,0
DA:207,1
DA:211,1
DA:219,1
DA:226,0
DA:233,0
DA:234,0
DA:235,0
DA:242,0
DA:243,0
DA:244,0
DA:245,0
DA:246,0
DA:247,0
DA:248,0
DA:249,0
DA:250,0
DA:251,0
DA:252,0
DA:253,0
DA:265,0
DA:266,0
DA:269,0
DA:270,0
DA:271,0
DA:272,0
DA:273,0
DA:274,0
DA:275,0
DA:276,0
DA:277,0
DA:278,0
DA:281,0
DA:282,0
DA:284,0
DA:287,0
DA:288,0
DA:289,0
DA:290,0
DA:291,0
DA:292,0
DA:293,0
DA:294,0
DA:297,0
DA:298,0
DA:299,0
DA:300,0
DA:301,0
DA:302,0
DA:304,0
DA:308,0
DA:311,0
DA:312,0
DA:314,0
DA:315,0
DA:317,0
DA:318,0
DA:320,0
DA:321,0
DA:323,0
DA:324,0
DA:326,0
DA:327,0
DA:328,0
DA:330,0
DA:331,0
DA:332,0
DA:334,0
DA:335,0
DA:338,0
DA:340,0
DA:341,0
DA:342,0
DA:343,0
DA:344,0
DA:345,0
DA:350,0
DA:353,0
DA:354,0
DA:355,0
DA:356,0
DA:357,0
DA:358,0
DA:363,0
DA:367,0
DA:368,0
DA:369,0
DA:370,0
DA:371,0
DA:372,0
DA:373,0
DA:374,0
DA:377,0
DA:378,0
DA:379,0
DA:380,0
DA:381,0
DA:382,0
DA:383,0
DA:384,0
DA:386,0
DA:398,0
DA:399,0
DA:402,0
DA:403,0
DA:404,0
DA:405,0
DA:408,1
DA:409,0
DA:412,1
DA:414,1
LF:180
LH:27
BRDA:110,0,0,0
BRDA:110,0,1,0
BRDA:113,1,0,0
BRDA:113,1,1,0
BRDA:143,2,0,0
BRDA:143,2,1,0
BRDA:171,3,0,0
BRDA:171,3,1,0
BRDA:264,4,0,0
BRDA:273,5,0,0
BRDA:273,5,1,0
BRDA:275,6,0,0
BRDA:275,6,1,0
BRDA:277,7,0,0
BRDA:277,7,1,0
BRDA:304,8,0,0
BRDA:304,8,1,0
BRDA:305,9,0,0
BRDA:305,9,1,0
BRDA:324,10,0,0
BRDA:324,10,1,0
BRDA:324,10,2,0
BRDA:345,11,0,0
BRDA:345,11,1,0
BRDA:346,12,0,0
BRDA:346,12,1,0
BRDA:346,12,2,0
BRDA:346,12,3,0
BRDA:358,13,0,0
BRDA:358,13,1,0
BRDA:359,14,0,0
BRDA:359,14,1,0
BRDA:359,14,2,0
BRDA:359,14,3,0
BRF:34
BRH:0
end_of_record
