TN:
SF:index.js
FN:41,createPomodoro
FN:57,logDistraction
FN:61,setName
FN:65,setStatus
FN:69,getPomo
FN:73,getPomoById
FN:77,getCurrentPomoId
FN:81,setPomo
FN:89,finishBreak
FN:104,finishPomo
FN:123,cancelPomo
FN:132,startPomoTimer
FN:142,refreshPomoTimer
FN:158,getTimeString
FN:170,refreshBreakTimer
FN:185,startShortBreakTimer
FN:200,startLongBreakTimer
FN:207,setBreakTimer
FN:211,setPomoTimer
FN:219,setCurrentPomo
FN:226,getCurrentPomo
FN:233,finishTask
FN:242,startPomo
FN:260,updatePomo
FN:265,updateTable
FN:301,(anonymous_25)
FN:395,addTask
FN:409,(anonymous_27)
FNF:28
FNH:8
FNDA:1,createPomodoro
FNDA:1,logDistraction
FNDA:1,setName
FNDA:1,setStatus
FNDA:1,getPomo
FNDA:0,getPomoById
FNDA:1,getCurrentPomoId
FNDA:1,setPomo
FNDA:0,finishBreak
FNDA:0,finishPomo
FNDA:0,cancelPomo
FNDA:0,startPomoTimer
FNDA:0,refreshPomoTimer
FNDA:1,getTimeString
FNDA:0,refreshBreakTimer
FNDA:0,startShortBreakTimer
FNDA:0,startLongBreakTimer
FNDA:0,setBreakTimer
FNDA:0,setPomoTimer
FNDA:0,setCurrentPomo
FNDA:0,getCurrentPomo
FNDA:0,finishTask
FNDA:0,startPomo
FNDA:0,updatePomo
FNDA:0,updateTable
FNDA:0,(anonymous_25)
FNDA:0,addTask
FNDA:0,(anonymous_27)
DA:2,1
DA:3,1
DA:4,1
DA:5,1
DA:7,1
DA:10,1
DA:14,1
DA:16,1
DA:23,1
DA:36,1
DA:42,1
DA:50,1
DA:51,1
DA:58,1
DA:62,1
DA:66,1
DA:70,1
DA:74,0
DA:78,1
DA:82,1
DA:90,0
DA:91,0
DA:92,0
DA:93,0
DA:94,0
DA:95,0
DA:97,0
DA:105,0
DA:106,0
DA:107,0
DA:108,0
DA:109,0
DA:110,0
DA:111,0
DA:112,0
DA:114,0
DA:115,0
DA:124,0
DA:125,0
DA:126,0
DA:133,0
DA:134,0
DA:135,0
DA:143,0
DA:144,0
DA:145,0
DA:146,0
DA:148,0
DA:149,0
DA:150,0
DA:159,1
DA:171,0
DA:172,0
DA:173,0
DA:174,0
DA:176,0
DA:177,0
DA:178,0
DA:186,0
DA:187,0
DA:188,0
DA:189,0
DA:190,0
DA:191,0
DA:192,0
DA:193,0
DA:201,0
DA:202,0
DA:203,0
DA:204,0
DA:208,0
DA:212,0
DA:220,0
DA:227,0
DA:234,0
DA:235,0
DA:236,0
DA:243,0
DA:244,0
DA:245,0
DA:246,0
DA:247,0
DA:248,0
DA:249,0
DA:250,0
DA:251,0
DA:252,0
DA:253,0
DA:254,0
DA:266,0
DA:267,0
DA:270,0
DA:271,0
DA:272,0
DA:273,0
DA:274,0
DA:275,0
DA:276,0
DA:277,0
DA:278,0
DA:279,0
DA:282,0
DA:283,0
DA:285,0
DA:288,0
DA:289,0
DA:290,0
DA:291,0
DA:292,0
DA:293,0
DA:294,0
DA:295,0
DA:298,0
DA:299,0
DA:300,0
DA:301,0
DA:302,0
DA:303,0
DA:305,0
DA:309,0
DA:312,0
DA:313,0
DA:315,0
DA:316,0
DA:318,0
DA:319,0
DA:321,0
DA:322,0
DA:324,0
DA:325,0
DA:327,0
DA:328,0
DA:329,0
DA:331,0
DA:332,0
DA:333,0
DA:335,0
DA:336,0
DA:339,0
DA:341,0
DA:342,0
DA:343,0
DA:344,0
DA:345,0
DA:346,0
DA:351,0
DA:354,0
DA:355,0
DA:356,0
DA:357,0
DA:358,0
DA:359,0
DA:364,0
DA:368,0
DA:369,0
DA:370,0
DA:371,0
DA:372,0
DA:373,0
DA:374,0
DA:375,0
DA:378,0
DA:379,0
DA:380,0
DA:381,0
DA:382,0
DA:383,0
DA:384,0
DA:385,0
DA:387,0
DA:399,0
DA:400,0
DA:403,0
DA:404,0
DA:405,0
DA:406,0
DA:409,1
DA:410,0
DA:413,1
DA:415,1
LF:180
LH:23
BRDA:111,0,0,0
BRDA:111,0,1,0
BRDA:114,1,0,0
BRDA:114,1,1,0
BRDA:144,2,0,0
BRDA:144,2,1,0
BRDA:172,3,0,0
BRDA:172,3,1,0
BRDA:265,4,0,0
BRDA:274,5,0,0
BRDA:274,5,1,0
BRDA:276,6,0,0
BRDA:276,6,1,0
BRDA:278,7,0,0
BRDA:278,7,1,0
BRDA:305,8,0,0
BRDA:305,8,1,0
BRDA:306,9,0,0
BRDA:306,9,1,0
BRDA:325,10,0,0
BRDA:325,10,1,0
BRDA:325,10,2,0
BRDA:346,11,0,0
BRDA:346,11,1,0
BRDA:347,12,0,0
BRDA:347,12,1,0
BRDA:347,12,2,0
BRDA:347,12,3,0
BRDA:359,13,0,0
BRDA:359,13,1,0
BRDA:360,14,0,0
BRDA:360,14,1,0
BRDA:360,14,2,0
BRDA:360,14,3,0
BRF:34
BRH:0
end_of_record
